<?xml version="1.0" encoding="UTF-8"?>
<testsuite name="com.test.keycloakdemo.KeycloakDemoApplicationTests" tests="1" skipped="0" failures="0" errors="0" timestamp="2023-08-22T09:26:17" hostname="nineleaps-ThinkPad-E480" time="0.519">
  <properties/>
  <testcase name="contextLoads()" classname="com.test.keycloakdemo.KeycloakDemoApplicationTests" time="0.519"/>
  <system-out><![CDATA[14:56:12.972 [Test worker] INFO org.springframework.test.context.support.AnnotationConfigContextLoaderUtils -- Could not detect default configuration classes for test class [com.test.keycloakdemo.KeycloakDemoApplicationTests]: KeycloakDemoApplicationTests does not declare any static, non-private, non-final, nested classes annotated with @Configuration.
14:56:13.080 [Test worker] INFO org.springframework.boot.test.context.SpringBootTestContextBootstrapper -- Found @SpringBootConfiguration com.test.keycloakdemo.KeycloakDemoApplication for test class com.test.keycloakdemo.KeycloakDemoApplicationTests

  .   ____          _            __ _ _
 /\\ / ___'_ __ _ _(_)_ __  __ _ \ \ \ \
( ( )\___ | '_ | '_| | '_ \/ _` | \ \ \ \
 \\/  ___)| |_)| | | | | || (_| |  ) ) ) )
  '  |____| .__|_| |_|_| |_\__, | / / / /
 =========|_|==============|___/=/_/_/_/
 :: Spring Boot ::                (v3.1.2)

2023-08-22T14:56:13.528+05:30  INFO 36916 --- [    Test worker] c.t.k.KeycloakDemoApplicationTests       : Starting KeycloakDemoApplicationTests using Java 17.0.8 with PID 36916 (started by nineleaps in /home/nineleaps/Downloads/keycloak-poc/keycloak-demo)
2023-08-22T14:56:13.530+05:30  INFO 36916 --- [    Test worker] c.t.k.KeycloakDemoApplicationTests       : No active profile set, falling back to 1 default profile: "default"
2023-08-22T14:56:14.274+05:30  INFO 36916 --- [    Test worker] .s.d.r.c.RepositoryConfigurationDelegate : Bootstrapping Spring Data JPA repositories in DEFAULT mode.
2023-08-22T14:56:14.329+05:30  INFO 36916 --- [    Test worker] .s.d.r.c.RepositoryConfigurationDelegate : Finished Spring Data repository scanning in 47 ms. Found 1 JPA repository interfaces.
2023-08-22T14:56:14.829+05:30  INFO 36916 --- [    Test worker] o.hibernate.jpa.internal.util.LogHelper  : HHH000204: Processing PersistenceUnitInfo [name: default]
2023-08-22T14:56:14.871+05:30  INFO 36916 --- [    Test worker] org.hibernate.Version                    : HHH000412: Hibernate ORM core version 6.2.6.Final
2023-08-22T14:56:14.873+05:30  INFO 36916 --- [    Test worker] org.hibernate.cfg.Environment            : HHH000406: Using bytecode reflection optimizer
2023-08-22T14:56:15.030+05:30  INFO 36916 --- [    Test worker] o.h.b.i.BytecodeProviderInitiator        : HHH000021: Bytecode provider name : bytebuddy
2023-08-22T14:56:15.167+05:30  INFO 36916 --- [    Test worker] o.s.o.j.p.SpringPersistenceUnitInfo      : No LoadTimeWeaver setup: ignoring JPA class transformer
2023-08-22T14:56:15.189+05:30  INFO 36916 --- [    Test worker] com.zaxxer.hikari.HikariDataSource       : HikariPool-1 - Starting...
2023-08-22T14:56:15.521+05:30  INFO 36916 --- [    Test worker] com.zaxxer.hikari.pool.HikariPool        : HikariPool-1 - Added connection org.postgresql.jdbc.PgConnection@144ee8a7
2023-08-22T14:56:15.523+05:30  INFO 36916 --- [    Test worker] com.zaxxer.hikari.HikariDataSource       : HikariPool-1 - Start completed.
2023-08-22T14:56:15.793+05:30  INFO 36916 --- [    Test worker] o.h.b.i.BytecodeProviderInitiator        : HHH000021: Bytecode provider name : bytebuddy
2023-08-22T14:56:16.466+05:30  INFO 36916 --- [    Test worker] o.h.e.t.j.p.i.JtaPlatformInitiator       : HHH000490: Using JtaPlatform implementation: [org.hibernate.engine.transaction.jta.platform.internal.NoJtaPlatform]
2023-08-22T14:56:16.509+05:30  INFO 36916 --- [    Test worker] j.LocalContainerEntityManagerFactoryBean : Initialized JPA EntityManagerFactory for persistence unit 'default'
2023-08-22T14:56:16.896+05:30  WARN 36916 --- [    Test worker] JpaBaseConfiguration$JpaWebConfiguration : spring.jpa.open-in-view is enabled by default. Therefore, database queries may be performed during view rendering. Explicitly configure spring.jpa.open-in-view to disable this warning
2023-08-22T14:56:17.044+05:30  INFO 36916 --- [    Test worker] o.s.s.web.DefaultSecurityFilterChain     : Will secure any request with [org.springframework.security.web.session.DisableEncodeUrlFilter@22f7bf36, org.springframework.security.web.context.request.async.WebAsyncManagerIntegrationFilter@4a3404fa, org.springframework.security.web.context.SecurityContextHolderFilter@519e67e, org.springframework.security.web.header.HeaderWriterFilter@57777c23, org.springframework.security.web.authentication.logout.LogoutFilter@50e4d8cd, org.springframework.security.oauth2.server.resource.web.authentication.BearerTokenAuthenticationFilter@4d071e4b, org.springframework.security.web.savedrequest.RequestCacheAwareFilter@1d5958d3, org.springframework.security.web.servletapi.SecurityContextHolderAwareRequestFilter@6a6e410c, org.springframework.security.web.authentication.AnonymousAuthenticationFilter@3fb4beb1, org.springframework.security.web.session.SessionManagementFilter@6632eb19, org.springframework.security.web.access.ExceptionTranslationFilter@6771fc29, org.springframework.security.web.access.intercept.AuthorizationFilter@8113ea7]
2023-08-22T14:56:17.590+05:30  INFO 36916 --- [    Test worker] c.t.k.KeycloakDemoApplicationTests       : Started KeycloakDemoApplicationTests in 4.35 seconds (process running for 5.475)
]]></system-out>
  <system-err><![CDATA[]]></system-err>
</testsuite>
